[1594844245.083895] ------------------
Traceback (most recent call last):
  File "/Users/alphanet/PycharmProjects/VKtoTG/bot/UserList.py", line 63, in load
    json = file.readlines(1)[0]
IndexError: list index out of range


[None]----------------------[1594845052.309991] ------------------
Traceback (most recent call last):
  File "/Users/alphanet/PycharmProjects/VKtoTG/bot/UserList.py", line 63, in load
    json = file.readlines(1)[0]
IndexError: list index out of range


[None]----------------------[1594845069.4079711] ------------------
started user 699219707 with token 130768732c03b1874559411b6e05ab6b4ca3e0c7c84838eac88fd75fd1ff0145015a4382fe9905d70e0aa

[None]----------------------[1594845069.408767] ------------------
saved

[]----------------------[1594845079.410608] ------------------
check user 699219707

[None]----------------------[1594845079.5254169] ------------------
<b>[Десигн]  <i>15/07</i> в <i>23:26</i>:</b>
#нейминг_на_десигне


[699219707]----------------------[1594845080.5161731] ------------------
<b>[Just Story]  <i>15/07</i> в <i>23:31</i>:</b>
Давно хотела поделиться, но как-то всё руки не доходили. Как-то пару лет назад угнали у меня машину. И горько и больно и шибко дорогая была, заработанная потом и кровью, но не об этом сейчас.

Пришлось примерно полгода ездить на работу своим ходом, при этом на машине с утра я добиралась минут двадцать, а на на своих двоих и сопутствующем транспорте - целый час. Тяжко было. Ехала и хотелось в голос кричать, как так, что за не справедливость, да ещё и зима на дворе, ветер в харю и все дела.

Выходила на работу в одно время и, соответственно, один и тот же автобус подъезжал и водитель был одинаковый, суровый такой, неулыбчивый мужчина. И вот как-то в один из дней я заметила, что он подъезжает каждый раз так, чтобы двери были прямо напротив меня. Раз, другой третий...

Постепенно он начал кивать мне и улыбаться, а я, в какую сторону бы не ехала (да, да, на обратном пути мы тоже встречались. Я галопом неслась с работы, лишь бы попасть на "свой" автобус), улыбалась ему.

Все закончилось банально и не интересно, я купила новую машину, да, в половину проще, чем была, зато не в кредит и свою, а водителя автобуса я больше не видела. Наверное он сменил маршрут, но я честно вглядывалась, когда видела 650 автобус, и скучала...

Прошло два года, а мне до сих пор хочется сказать ему спасибо, он спас меня от холода и ненастья в ту зиму, мне было тепло и уютно ездить с ним, "моим" водителем, который улыбался только мне. Вот так вот простой жест, открытые двери напротив твоего лица и добрая улыбка на суровом мужском лице могут помочь пережить темную полосу в жизни.

Я буду рада встретить Вас снова, и буду знать, что поездка принесет только удачу. И буду улыбаться. Спасибо!


[699219707]----------------------[1594845481.3146849] ------------------
started user 699219707 with token 130768732c03b1874559411b6e05ab6b4ca3e0c7c84838eac88fd75fd1ff0145015a4382fe9905d70e0aa

[None]----------------------[1594845700.1190898] ------------------
started user 699219707 with token 130768732c03b1874559411b6e05ab6b4ca3e0c7c84838eac88fd75fd1ff0145015a4382fe9905d70e0aa

[None]----------------------[1594845712.3645399] ------------------
started user 699219707 with token 130768732c03b1874559411b6e05ab6b4ca3e0c7c84838eac88fd75fd1ff0145015a4382fe9905d70e0aa

[None]----------------------[1594845722.368292] ------------------
check user 699219707

[None]----------------------[1594845741.491316] ------------------
started user 699219707 with token 130768732c03b1874559411b6e05ab6b4ca3e0c7c84838eac88fd75fd1ff0145015a4382fe9905d70e0aa

[None]----------------------[1594845751.492728] ------------------
check user 699219707

[None]----------------------[1594845751.63421] ------------------
<b>[«Медуза»]  <i>15/07</i> в <i>23:40</i>:</b>
🚀🚀🚀


[699219707]----------------------[1594845751.818675] ------------------
<b>[Afro-American Side Of The Moon]  <i>15/07</i> в <i>23:42</i>:</b>
ᅠᅠ⠀ᅠ‌‌‍‍ᅠ⠀⠀ᅠ‌‌‍‍ᅠ⠀ᅠ‌‌‍‍ᅠ⠀ᅠ⠀ᅠ⠀ᅠ‌‌‍‍


[699219707]----------------------[1594845752.3148959] ------------------
<b>[່ ່]  <i>15/07</i> в <i>23:42</i>:</b>



[699219707]----------------------[1594845764.316036] ------------------
check user 699219707

[None]----------------------[1594845774.3616042] ------------------
check user 699219707

[None]----------------------[1594845784.419096] ------------------
check user 699219707

[None]----------------------